[handleMsg]:  {
  key: {
    remoteJid: '51953466966@s.whatsapp.net',
    fromMe: false,
    id: '3A62FE5D06ED1C2516A9',
    participant: undefined
  },
  messageTimestamp: 1678673961,
  pushName: 'Benji',
  message: Message {
    extendedTextMessage: ExtendedTextMessage { text: 'Hola', contextInfo: [ContextInfo] },
    messageContextInfo: MessageContextInfo {
      deviceListMetadata: [DeviceListMetadata],
      deviceListMetadataVersion: 2
    }
  },
  body: 'Hola',
  from: '51953466966'
}
[handleMsg]:  {
  key: {
    remoteJid: '51953466966@s.whatsapp.net',
    fromMe: false,
    id: '3AD8E25BDD9C77FF6227',
    participant: undefined
  },
  messageTimestamp: 1678673965,
  pushName: 'Benji',
  message: Message {
    messageContextInfo: MessageContextInfo {
      deviceListMetadata: [DeviceListMetadata],
      deviceListMetadataVersion: 2
    },
    buttonsResponseMessage: ButtonsResponseMessage {
      selectedButtonId: 'id-btn-0',
      selectedDisplayText: '游릴 CHILDREN (6 a 9 a침os)',
      contextInfo: [ContextInfo],
      type: 1
    }
  },
  body: '游릴 CHILDREN (6 a 9 a침os)',
  from: '51953466966'
}
[handleMsg]:  {
  key: {
    remoteJid: '51953466966@s.whatsapp.net',
    fromMe: false,
    id: '3A6DB5FA9609F4D68440',
    participant: undefined
  },
  messageTimestamp: 1678673976,
  pushName: 'Benji',
  message: Message {
    messageContextInfo: MessageContextInfo {
      deviceListMetadata: [DeviceListMetadata],
      deviceListMetadataVersion: 2
    },
    buttonsResponseMessage: ButtonsResponseMessage {
      selectedButtonId: 'id-btn-1',
      selectedDisplayText: '游릵 JUNIOR (10 a 14 a침os)',
      contextInfo: [ContextInfo],
      type: 1
    }
  },
  body: '游릵 JUNIOR (10 a 14 a침os)',
  from: '51953466966'
}
